
12월 17, 2019 15:41:18.50 NEW SESSION
12월 17, 2019 15:41:18.50 [11404:12260:1217/154118.501:ERROR:connection_factory_impl.cc(418)] Failed to connect to MCS endpoint with error -106
12월 17, 2019 15:41:40.32 [11404:12500:1217/154140.320:ERROR:account_tracker.cc(241)] AccessTokenFetched error: Connection failed (-106).
12월 17, 2019 15:41:48.20 [11404:12260:1217/154148.203:ERROR:connection_factory_impl.cc(418)] Failed to connect to MCS endpoint with error -106
12월 17, 2019 15:42:36.48 [11404:12260:1217/154236.484:ERROR:connection_factory_impl.cc(418)] Failed to connect to MCS endpoint with error -106
12월 17, 2019 15:44:35.39 [11404:12260:1217/154435.389:ERROR:connection_factory_impl.cc(418)] Failed to connect to MCS endpoint with error -106
12월 17, 2019 18:03:40.53 [11404:12500:1217/180340.534:ERROR:CONSOLE(0)] "The Content Security Policy 'script-src 'self' 'unsafe-inline' 'unsafe-eval' https://gist.github.com https://apis.google.com https://api.amplitude.com https://widget.intercom.io https://js.intercomcdn.com https://logs-01.loggly.com https://cdn.segment.com https://checkout.stripe.com https://embed.typeform.com https://platform.twitter.com https://cdn.syndication.twimg.com; connect-src 'self' https://msgstore.www.notion.so wss://msgstore.www.notion.so https://s3-us-west-2.amazonaws.com https://s3.us-west-2.amazonaws.com https://notion-production-snapshots.s3.us-west-2.amazonaws.com https://api.amplitude.com https://api.embed.ly https://js.intercomcdn.com https://api-iam.intercom.io wss://nexus-websocket-a.intercom.io https://logs-01.loggly.com https://api.segment.io https://checkout.stripe.com https://api.unsplash.com; font-src 'self' data: https://cdnjs.cloudflare.com https://js.intercomcdn.com; img-src 'self' data: blob: https: http: https://platform.twitter.com https://syndication.twitter.com https://pbs.twimg.com https://ton.twimg.com; style-src 'self' 'unsafe-inline' https://cdnjs.cloudflare.com https://github.githubassets.com https://platform.twitter.com https://ton.twimg.com; frame-src https: http:; media-src https: http:' was delivered in report-only mode, but does not specify a 'report-uri'; the policy will have no effect. Please either add a 'report-uri' directive, or deliver the policy via the 'Content-Security-Policy' header.", source: https://www.notion.so/Get-Started-530be429cfec43b397d5546a20ba79f5 (0)
12월 17, 2019 18:59:39.97 [11404:12260:1217/185939.976:ERROR:connection_factory_impl.cc(418)] Failed to connect to MCS endpoint with error -106
12월 17, 2019 19:20:02.83 [11404:12260:1217/192002.832:ERROR:socket_stream.cc(218)] Closing stream with result -2
12월 18, 2019 15:19:42.52 [11404:12260:1218/151942.522:ERROR:socket_stream.cc(218)] Closing stream with result -2
12월 18, 2019 15:19:42.64 [11404:12260:1218/151942.646:ERROR:connection_factory_impl.cc(418)] Failed to connect to MCS endpoint with error -105
12월 18, 2019 15:19:42.66 [11404:14292:1218/151942.650:ERROR:get_updates_processor.cc(246)] PostClientToServerMessage() failed during GetUpdates
12월 18, 2019 15:19:42.67 [11404:12500:1218/151942.678:ERROR:gcm_channel_status_request.cc(145)] GCM channel request failed.
12월 18, 2019 15:19:44.67 [11404:12260:1218/151944.677:ERROR:connection_factory_impl.cc(418)] Failed to connect to MCS endpoint with error -106
12월 18, 2019 15:20:09.25 [11404:12500:1218/152009.257:ERROR:gcm_channel_status_request.cc(145)] GCM channel request failed.
12월 18, 2019 15:20:38.99 [11404:12260:1218/152038.990:ERROR:connection_factory_impl.cc(418)] Failed to connect to MCS endpoint with error -106
12월 18, 2019 15:20:55.22 [11404:12500:1218/152055.224:ERROR:gcm_channel_status_request.cc(145)] GCM channel request failed.
12월 18, 2019 15:22:12.26 [11404:12260:1218/152212.267:ERROR:connection_factory_impl.cc(418)] Failed to connect to MCS endpoint with error -106
12월 18, 2019 15:22:54.18 [11404:12500:1218/152254.187:ERROR:gcm_channel_status_request.cc(145)] GCM channel request failed.
12월 18, 2019 15:24:58.18 [11404:12260:1218/152458.180:ERROR:connection_factory_impl.cc(418)] Failed to connect to MCS endpoint with error -106
12월 18, 2019 15:26:39.87 [11404:12500:1218/152639.878:ERROR:gcm_channel_status_request.cc(145)] GCM channel request failed.
12월 18, 2019 19:00:39.16 [11404:12500:1218/190039.160:ERROR:gcm_channel_status_request.cc(145)] GCM channel request failed.
12월 18, 2019 19:00:41.02 [11404:12260:1218/190041.024:ERROR:connection_factory_impl.cc(418)] Failed to connect to MCS endpoint with error -106
12월 18, 2019 20:50:43.66 [11404:12500:1218/205043.660:ERROR:CONSOLE(0)] "Access to font at 'http://t1.daumcdn.net/cafe_cj/font/noto_sans_kr_20190405/NotoSansKoreanBold.tff' from origin 'devtools://devtools' has been blocked by CORS policy: No 'Access-Control-Allow-Origin' header is present on the requested resource.", source: devtools://devtools/bundled/devtools_app.html?remoteBase=https://chrome-devtools-frontend.appspot.com/serve_file/@29f75ce3f42b007bd80361b0dfcfee3a13ff90b8/&can_dock=true&dockSide=undocked (0)
12월 18, 2019 20:50:45.30 [11404:12500:1218/205045.300:ERROR:CONSOLE(0)] "Access to font at 'http://t1.daumcdn.net/cafe_cj/font/noto_sans_kr_20190405/NotoSansKoreanBold.woff' from origin 'devtools://devtools' has been blocked by CORS policy: No 'Access-Control-Allow-Origin' header is present on the requested resource.", source: devtools://devtools/bundled/devtools_app.html?remoteBase=https://chrome-devtools-frontend.appspot.com/serve_file/@29f75ce3f42b007bd80361b0dfcfee3a13ff90b8/&can_dock=true&dockSide=undocked (0)
12월 18, 2019 20:50:46.37 [11404:12500:1218/205046.372:ERROR:CONSOLE(0)] "Access to font at 'http://t1.daumcdn.net/cafe_cj/font/noto_sans_kr_20190405/NotoSansKoreanLight.tff' from origin 'devtools://devtools' has been blocked by CORS policy: No 'Access-Control-Allow-Origin' header is present on the requested resource.", source: devtools://devtools/bundled/devtools_app.html?remoteBase=https://chrome-devtools-frontend.appspot.com/serve_file/@29f75ce3f42b007bd80361b0dfcfee3a13ff90b8/&can_dock=true&dockSide=undocked (0)
12월 18, 2019 20:50:47.17 [11404:12500:1218/205047.178:ERROR:CONSOLE(0)] "Access to font at 'http://t1.daumcdn.net/cafe_cj/font/noto_sans_kr_20190405/NotoSansKoreanLight.woff' from origin 'devtools://devtools' has been blocked by CORS policy: No 'Access-Control-Allow-Origin' header is present on the requested resource.", source: devtools://devtools/bundled/devtools_app.html?remoteBase=https://chrome-devtools-frontend.appspot.com/serve_file/@29f75ce3f42b007bd80361b0dfcfee3a13ff90b8/&can_dock=true&dockSide=undocked (0)
12월 18, 2019 20:50:47.78 [11404:12500:1218/205047.789:ERROR:CONSOLE(0)] "Access to font at 'http://t1.daumcdn.net/cafe_cj/font/noto_sans_kr_20190405/NotoSansKoreanRegular.tff' from origin 'devtools://devtools' has been blocked by CORS policy: No 'Access-Control-Allow-Origin' header is present on the requested resource.", source: devtools://devtools/bundled/devtools_app.html?remoteBase=https://chrome-devtools-frontend.appspot.com/serve_file/@29f75ce3f42b007bd80361b0dfcfee3a13ff90b8/&can_dock=true&dockSide=undocked (0)
12월 18, 2019 20:50:50.40 [11404:12500:1218/205050.408:ERROR:CONSOLE(0)] "Access to font at 'http://t1.daumcdn.net/cafe_cj/font/noto_sans_kr_20190405/NotoSansKoreanRegular.woff' from origin 'devtools://devtools' has been blocked by CORS policy: No 'Access-Control-Allow-Origin' header is present on the requested resource.", source: devtools://devtools/bundled/devtools_app.html?remoteBase=https://chrome-devtools-frontend.appspot.com/serve_file/@29f75ce3f42b007bd80361b0dfcfee3a13ff90b8/&can_dock=true&dockSide=undocked (0)
12월 18, 2019 20:50:53.92 [11404:12500:1218/205053.925:ERROR:CONSOLE(0)] "Access to font at 'http://t1.daumcdn.net/cafe_cj/font/spoqa_sans_number_english_20190404/SpoqaHanSansBold.ttf' from origin 'devtools://devtools' has been blocked by CORS policy: No 'Access-Control-Allow-Origin' header is present on the requested resource.", source: devtools://devtools/bundled/devtools_app.html?remoteBase=https://chrome-devtools-frontend.appspot.com/serve_file/@29f75ce3f42b007bd80361b0dfcfee3a13ff90b8/&can_dock=true&dockSide=undocked (0)
12월 18, 2019 20:50:54.38 [11404:12500:1218/205054.379:ERROR:CONSOLE(0)] "Access to font at 'http://t1.daumcdn.net/cafe_cj/font/spoqa_sans_number_english_20190404/SpoqaHanSansLight.ttf' from origin 'devtools://devtools' has been blocked by CORS policy: No 'Access-Control-Allow-Origin' header is present on the requested resource.", source: devtools://devtools/bundled/devtools_app.html?remoteBase=https://chrome-devtools-frontend.appspot.com/serve_file/@29f75ce3f42b007bd80361b0dfcfee3a13ff90b8/&can_dock=true&dockSide=undocked (0)
12월 18, 2019 20:50:54.80 [11404:12500:1218/205054.808:ERROR:CONSOLE(0)] "Access to font at 'http://t1.daumcdn.net/cafe_cj/font/spoqa_sans_number_english_20190404/SpoqaHanSansLight.woff' from origin 'devtools://devtools' has been blocked by CORS policy: No 'Access-Control-Allow-Origin' header is present on the requested resource.", source: devtools://devtools/bundled/devtools_app.html?remoteBase=https://chrome-devtools-frontend.appspot.com/serve_file/@29f75ce3f42b007bd80361b0dfcfee3a13ff90b8/&can_dock=true&dockSide=undocked (0)
